Change Component Designator: Old Designator=C? New Designator=C12
Change Component Designator: Old Designator=C? New Designator=C13
Change Component Designator: Old Designator=C? New Designator=C14
Change Component Designator: Old Designator=C? New Designator=C15
Change Component Designator: Old Designator=C? New Designator=C16
Change Component Designator: Old Designator=C? New Designator=C17
Change Component Designator: Old Designator=C? New Designator=C18
Change Component Designator: Old Designator=C? New Designator=C19
Change Component Designator: Old Designator=C? New Designator=C20
Change Component Designator: Old Designator=Q? New Designator=Q3
Change Component Designator: Old Designator=R? New Designator=R3
Change Component Designator: Old Designator=R? New Designator=R6
Change Component Designator: Old Designator=R? New Designator=R7
Change Component Designator: Old Designator=R? New Designator=R8
Change Component Designator: Old Designator=R? New Designator=R9
Change Component Designator: Old Designator=S_PAD? New Designator=S_PAD5
Change Component Designator: Old Designator=S_PAD? New Designator=S_PAD6
Change Component Designator: Old Designator=S_PAD? New Designator=S_PAD7
Change Component Designator: Old Designator=S_PAD? New Designator=S_PAD8
Change Component Designator: Old Designator=S_PAD? New Designator=S_PAD9
Change Component Designator: Old Designator=S_PAD? New Designator=S_PAD10
Change Component Designator: Old Designator=S_PAD? New Designator=S_PAD11
Change Component Designator: Old Designator=S_PAD? New Designator=S_PAD12
Change Component Designator: Old Designator=U? New Designator=U3
Change Component Designator: Old Designator=U? New Designator=U3
Change Component Designator: Old Designator=U? New Designator=U2
