Change Component Designator: Old Designator=C12 New Designator=C1
Change Component Designator: Old Designator=C13 New Designator=C2
Change Component Designator: Old Designator=C14 New Designator=C3
Change Component Designator: Old Designator=C15 New Designator=C5
Change Component Designator: Old Designator=C16 New Designator=C6
Change Component Designator: Old Designator=C17 New Designator=C7
Change Component Designator: Old Designator=C18 New Designator=C8
Change Component Designator: Old Designator=C19 New Designator=C9
Change Component Designator: Old Designator=C20 New Designator=C10
Change Component Designator: Old Designator=C27 New Designator=C4
Change Component Designator: Old Designator=Q3 New Designator=Q1
Change Component Designator: Old Designator=R3 New Designator=R2
Change Component Designator: Old Designator=R5 New Designator=R3
Change Component Designator: Old Designator=R8 New Designator=R1
Change Component Designator: Old Designator=S_PAD2 New Designator=S_PAD1
Change Component Designator: Old Designator=S_PAD5 New Designator=S_PAD2
Change Component Designator: Old Designator=S_PAD6 New Designator=S_PAD4
Change Component Designator: Old Designator=S_PAD8 New Designator=S_PAD5
Change Component Designator: Old Designator=S_PAD9 New Designator=S_PAD6
Change Component Designator: Old Designator=S_PAD11 New Designator=S_PAD7
Change Component Designator: Old Designator=S_PAD12 New Designator=S_PAD8
Change Component Designator: Old Designator=S_PAD13 New Designator=S_PAD9
Change Component Designator: Old Designator=S_PAD14 New Designator=S_PAD10
Change Component Designator: Old Designator=S_PAD15 New Designator=S_PAD11
Change Component Designator: Old Designator=S_PAD16 New Designator=S_PAD12
Change Component Designator: Old Designator=U2 New Designator=U1
Change Component Designator: Old Designator=U3 New Designator=U2
Change Component Designator: Old Designator=U3 New Designator=U2
