Removed Pin From Net: NetName=5V Pin=J1-2
Removed Pin From Net: NetName=DEMB Pin=J1-10
Removed Pin From Net: NetName=DEMB Pin=J1-11
Removed Pin From Net: NetName=DEMB Pin=J1-12
Removed Pin From Net: NetName=DEMB Pin=Q3-2
Removed Pin From Net: NetName=CS Pin=R1-2
Removed Pin From Net: NetName=FB Pin=R3-2
Removed Pin From Net: NetName=FB Pin=R6-2
Removed Pin From Net: NetName=FB Pin=R7-2
Removed Pin From Net: NetName=NetC18_2 Pin=R9-1
Removed Pin From Net: NetName=NetC20_2 Pin=R9-2
Removed Pin From Net: NetName=NetJ1_6 Pin=U3-16
Removed Pin From Net: NetName=DITH Pin=U3-22
Removed Pin From Net: NetName=NetS_PAD3_1 Pin=U3-30
Removed Member From Class: ClassName=BTT_toolhead_expansion Member=R6
Removed Member From Class: ClassName=BTT_toolhead_expansion Member=R7
Removed Member From Class: ClassName=BTT_toolhead_expansion Member=R9
Removed Member From Class: ClassName=BTT_toolhead_expansion Member=S_PAD16
Change Component Footprint: Designator=D1 Old Footprint=RES 1206_3216 New Footprint=SODFL375X135-2N
Change Component Designator: OldDesignator=C3 NewDesignator=C16
Change Component Designator: OldDesignator=C4 NewDesignator=C17
Change Component Designator: OldDesignator=C5 NewDesignator=C18
Change Component Designator: OldDesignator=C6 NewDesignator=C19
Change Component Designator: OldDesignator=C7 NewDesignator=C21
Change Component Designator: OldDesignator=C10 NewDesignator=C26
Change Component Designator: OldDesignator=C11 NewDesignator=C27
Change Component Designator: OldDesignator=C12 NewDesignator=C1
Change Component Designator: OldDesignator=C13 NewDesignator=C2
Change Component Designator: OldDesignator=C14 NewDesignator=C3
Change Component Designator: OldDesignator=C15 NewDesignator=C5
Change Component Designator: OldDesignator=C16 NewDesignator=C6
Change Component Designator: OldDesignator=C17 NewDesignator=C7
Change Component Designator: OldDesignator=C18 NewDesignator=C8
Change Component Designator: OldDesignator=C19 NewDesignator=C9
Change Component Designator: OldDesignator=C20 NewDesignator=C10
Change Component Designator: OldDesignator=C21 NewDesignator=C15
Change Component Designator: OldDesignator=C22 NewDesignator=C20
Change Component Designator: OldDesignator=Q1 NewDesignator=Q2
Change Component Designator: OldDesignator=Q2 NewDesignator=Q3
Change Component Designator: OldDesignator=Q3 NewDesignator=Q1
Change Component Designator: OldDesignator=R1 NewDesignator=R4
Change Component Designator: OldDesignator=R2 NewDesignator=R6
Change Component Designator: OldDesignator=R4 NewDesignator=R7
Change Component Designator: OldDesignator=R8 NewDesignator=R1
Change Component Designator: OldDesignator=R10 NewDesignator=R8
Change Component Designator: OldDesignator=R11 NewDesignator=R9
Change Component Designator: OldDesignator=S_PAD1 NewDesignator=S_PAD15
Change Component Designator: OldDesignator=S_PAD2 NewDesignator=S_PAD1
Change Component Designator: OldDesignator=S_PAD4 NewDesignator=S_PAD16
Change Component Designator: OldDesignator=S_PAD6 NewDesignator=S_PAD4
Change Component Designator: OldDesignator=S_PAD7 NewDesignator=S_PAD13
Change Component Designator: OldDesignator=S_PAD8 NewDesignator=S_PAD5
Change Component Designator: OldDesignator=S_PAD9 NewDesignator=S_PAD6
Change Component Designator: OldDesignator=S_PAD10 NewDesignator=S_PAD14
Change Component Designator: OldDesignator=S_PAD11 NewDesignator=S_PAD7
Change Component Designator: OldDesignator=S_PAD12 NewDesignator=S_PAD8
Change Component Designator: OldDesignator=S_PAD13 NewDesignator=S_PAD9
Change Component Designator: OldDesignator=S_PAD14 NewDesignator=S_PAD10
Change Component Designator: OldDesignator=S_PAD15 NewDesignator=S_PAD11
Change Component Designator: OldDesignator=S_PAD16 NewDesignator=S_PAD12
Change Component Designator: OldDesignator=U1 NewDesignator=U3
Change Component Designator: OldDesignator=U2 NewDesignator=U1
Change Component Designator: OldDesignator=U3 NewDesignator=U2
Change component parameters: Designator = "C7" ("C21"); Footprint = "CAP FILM 0603_1608"; UniqueID = "\HCHFGMVH" ("\HCHFGMVH")
Change component parameters (AddParameter): Name = "CPAR"; Value = ""; VariantName = "[No Variations]"
Change component parameters (AddParameter): Name = "LSER"; Value = ""; VariantName = "[No Variations]"
Change component parameters (AddParameter): Name = "RLSHUNT"; Value = ""; VariantName = "[No Variations]"
Change component parameters (AddParameter): Name = "RPAR"; Value = ""; VariantName = "[No Variations]"
Change component parameters (AddParameter): Name = "RSER"; Value = ""; VariantName = "[No Variations]"
Change component parameters (AddParameter): Name = "SimulationGenericComponent"; Value = "True"; VariantName = "[No Variations]"
Change component parameters (AddParameter): Name = "TEMP"; Value = ""; VariantName = "[No Variations]"
Change component parameters (AddParameter): Name = "Value"; Value = "470n"; VariantName = "[No Variations]"
Change component parameters: Designator = "C12" ("C1"); Footprint = "CAP FILM 0603_1608"; UniqueID = "\TJJCJELW" ("\TJJCJELW")
Change component parameters (AddParameter): Name = "CPAR"; Value = ""; VariantName = "[No Variations]"
Change component parameters (AddParameter): Name = "LSER"; Value = ""; VariantName = "[No Variations]"
Change component parameters (AddParameter): Name = "RLSHUNT"; Value = ""; VariantName = "[No Variations]"
Change component parameters (AddParameter): Name = "RPAR"; Value = ""; VariantName = "[No Variations]"
Change component parameters (AddParameter): Name = "RSER"; Value = ""; VariantName = "[No Variations]"
Change component parameters (AddParameter): Name = "SimulationGenericComponent"; Value = "True"; VariantName = "[No Variations]"
Change component parameters (AddParameter): Name = "TEMP"; Value = ""; VariantName = "[No Variations]"
Change component parameters (AddParameter): Name = "Value"; Value = "10u"; VariantName = "[No Variations]"
Change component parameters: Designator = "C13" ("C2"); Footprint = "CAP FILM 0603_1608"; UniqueID = "\DTJWMRIM" ("\DTJWMRIM")
Change component parameters (AddParameter): Name = "CPAR"; Value = ""; VariantName = "[No Variations]"
Change component parameters (AddParameter): Name = "LSER"; Value = ""; VariantName = "[No Variations]"
Change component parameters (AddParameter): Name = "RLSHUNT"; Value = ""; VariantName = "[No Variations]"
Change component parameters (AddParameter): Name = "RPAR"; Value = ""; VariantName = "[No Variations]"
Change component parameters (AddParameter): Name = "RSER"; Value = ""; VariantName = "[No Variations]"
Change component parameters (AddParameter): Name = "SimulationGenericComponent"; Value = "True"; VariantName = "[No Variations]"
Change component parameters (AddParameter): Name = "TEMP"; Value = ""; VariantName = "[No Variations]"
Change component parameters (AddParameter): Name = "Value"; Value = "10u"; VariantName = "[No Variations]"
Change component parameters: Designator = "C14" ("C3"); Footprint = "CAP FILM 0603_1608"; UniqueID = "\JXRYIJAC" ("\JXRYIJAC")
Change component parameters (AddParameter): Name = "CPAR"; Value = ""; VariantName = "[No Variations]"
Change component parameters (AddParameter): Name = "LSER"; Value = ""; VariantName = "[No Variations]"
Change component parameters (AddParameter): Name = "RLSHUNT"; Value = ""; VariantName = "[No Variations]"
Change component parameters (AddParameter): Name = "RPAR"; Value = ""; VariantName = "[No Variations]"
Change component parameters (AddParameter): Name = "RSER"; Value = ""; VariantName = "[No Variations]"
Change component parameters (AddParameter): Name = "SimulationGenericComponent"; Value = "True"; VariantName = "[No Variations]"
Change component parameters (AddParameter): Name = "TEMP"; Value = ""; VariantName = "[No Variations]"
Change component parameters (AddParameter): Name = "Value"; Value = "100n"; VariantName = "[No Variations]"
Change component parameters: Designator = "C15" ("C5"); Footprint = "CAP FILM 0603_1608"; UniqueID = "\BCYWGSFP" ("\BCYWGSFP")
Change component parameters (AddParameter): Name = "CPAR"; Value = ""; VariantName = "[No Variations]"
Change component parameters (AddParameter): Name = "LSER"; Value = ""; VariantName = "[No Variations]"
Change component parameters (AddParameter): Name = "RLSHUNT"; Value = ""; VariantName = "[No Variations]"
Change component parameters (AddParameter): Name = "RPAR"; Value = ""; VariantName = "[No Variations]"
Change component parameters (AddParameter): Name = "RSER"; Value = ""; VariantName = "[No Variations]"
Change component parameters (AddParameter): Name = "SimulationGenericComponent"; Value = "True"; VariantName = "[No Variations]"
Change component parameters (AddParameter): Name = "TEMP"; Value = ""; VariantName = "[No Variations]"
Change component parameters (AddParameter): Name = "Value"; Value = "100n"; VariantName = "[No Variations]"
Change component parameters: Designator = "C16" ("C6"); Footprint = "CAP FILM 0603_1608"; UniqueID = "\NOGPEDMY" ("\NOGPEDMY")
Change component parameters (AddParameter): Name = "CPAR"; Value = ""; VariantName = "[No Variations]"
Change component parameters (AddParameter): Name = "LSER"; Value = ""; VariantName = "[No Variations]"
Change component parameters (AddParameter): Name = "RLSHUNT"; Value = ""; VariantName = "[No Variations]"
Change component parameters (AddParameter): Name = "RPAR"; Value = ""; VariantName = "[No Variations]"
Change component parameters (AddParameter): Name = "RSER"; Value = ""; VariantName = "[No Variations]"
Change component parameters (AddParameter): Name = "SimulationGenericComponent"; Value = "True"; VariantName = "[No Variations]"
Change component parameters (AddParameter): Name = "TEMP"; Value = ""; VariantName = "[No Variations]"
Change component parameters (AddParameter): Name = "Value"; Value = "100n"; VariantName = "[No Variations]"
Change component parameters: Designator = "C17" ("C7"); Footprint = "CAP FILM 0603_1608"; UniqueID = "\TBZMKOIC" ("\TBZMKOIC")
Change component parameters (AddParameter): Name = "CPAR"; Value = ""; VariantName = "[No Variations]"
Change component parameters (AddParameter): Name = "LSER"; Value = ""; VariantName = "[No Variations]"
Change component parameters (AddParameter): Name = "RLSHUNT"; Value = ""; VariantName = "[No Variations]"
Change component parameters (AddParameter): Name = "RPAR"; Value = ""; VariantName = "[No Variations]"
Change component parameters (AddParameter): Name = "RSER"; Value = ""; VariantName = "[No Variations]"
Change component parameters (AddParameter): Name = "SimulationGenericComponent"; Value = "True"; VariantName = "[No Variations]"
Change component parameters (AddParameter): Name = "TEMP"; Value = ""; VariantName = "[No Variations]"
Change component parameters (AddParameter): Name = "Value"; Value = "100n"; VariantName = "[No Variations]"
Change component parameters: Designator = "R3" ("R3"); Footprint = "RES 0603_1608"; UniqueID = "\GTBBENHT" ("\GTBBENHT")
Change component parameters (AddParameter): Name = "DTEMP"; Value = ""; VariantName = "[No Variations]"
Change component parameters (AddParameter): Name = "SimulationGenericComponent"; Value = "True"; VariantName = "[No Variations]"
Change component parameters (AddParameter): Name = "T_REL_LOCAL"; Value = ""; VariantName = "[No Variations]"
Change component parameters (AddParameter): Name = "TC"; Value = ""; VariantName = "[No Variations]"
Change component parameters (AddParameter): Name = "TC1"; Value = "0"; VariantName = "[No Variations]"
Change component parameters (AddParameter): Name = "TC2"; Value = "0"; VariantName = "[No Variations]"
Change component parameters (AddParameter): Name = "TEMP"; Value = ""; VariantName = "[No Variations]"
Change component parameters (AddParameter): Name = "Value"; Value = "360R"; VariantName = "[No Variations]"
Change component parameters: Designator = "R8" ("R1"); Footprint = "RES 0603_1608"; UniqueID = "\TQVSQNGV" ("\TQVSQNGV")
Change component parameters (AddParameter): Name = "DTEMP"; Value = ""; VariantName = "[No Variations]"
Change component parameters (AddParameter): Name = "SimulationGenericComponent"; Value = "True"; VariantName = "[No Variations]"
Change component parameters (AddParameter): Name = "T_REL_LOCAL"; Value = ""; VariantName = "[No Variations]"
Change component parameters (AddParameter): Name = "TC"; Value = ""; VariantName = "[No Variations]"
Change component parameters (AddParameter): Name = "TC1"; Value = "0"; VariantName = "[No Variations]"
Change component parameters (AddParameter): Name = "TC2"; Value = "0"; VariantName = "[No Variations]"
Change component parameters (AddParameter): Name = "TEMP"; Value = ""; VariantName = "[No Variations]"
Change component parameters (AddParameter): Name = "Value"; Value = "470R"; VariantName = "[No Variations]"
Added Component: Designator=C4(CAP FILM 0603_1608)
Add component (AddParameter): Name = "CPAR"; Value = ""; VariantName = "[No Variations]"
Add component (AddParameter): Name = "LSER"; Value = ""; VariantName = "[No Variations]"
Add component (AddParameter): Name = "RLSHUNT"; Value = ""; VariantName = "[No Variations]"
Add component (AddParameter): Name = "RPAR"; Value = ""; VariantName = "[No Variations]"
Add component (AddParameter): Name = "RSER"; Value = ""; VariantName = "[No Variations]"
Add component (AddParameter): Name = "SimulationGenericComponent"; Value = "True"; VariantName = "[No Variations]"
Add component (AddParameter): Name = "TEMP"; Value = ""; VariantName = "[No Variations]"
Add component (AddParameter): Name = "Value"; Value = "1p"; VariantName = "[No Variations]"
Added Component: Designator=C11(CAP FILM 0805)
Add component (AddParameter): Name = "CPAR"; Value = ""; VariantName = "[No Variations]"
Add component (AddParameter): Name = "LSER"; Value = ""; VariantName = "[No Variations]"
Add component (AddParameter): Name = "RLSHUNT"; Value = ""; VariantName = "[No Variations]"
Add component (AddParameter): Name = "RPAR"; Value = ""; VariantName = "[No Variations]"
Add component (AddParameter): Name = "RSER"; Value = ""; VariantName = "[No Variations]"
Add component (AddParameter): Name = "SimulationGenericComponent"; Value = "True"; VariantName = "[No Variations]"
Add component (AddParameter): Name = "TEMP"; Value = ""; VariantName = "[No Variations]"
Add component (AddParameter): Name = "Value"; Value = "10u"; VariantName = "[No Variations]"
Added Component: Designator=C12(CAP FILM 0603_1608)
Add component (AddParameter): Name = "CPAR"; Value = ""; VariantName = "[No Variations]"
Add component (AddParameter): Name = "LSER"; Value = ""; VariantName = "[No Variations]"
Add component (AddParameter): Name = "RLSHUNT"; Value = ""; VariantName = "[No Variations]"
Add component (AddParameter): Name = "RPAR"; Value = ""; VariantName = "[No Variations]"
Add component (AddParameter): Name = "RSER"; Value = ""; VariantName = "[No Variations]"
Add component (AddParameter): Name = "SimulationGenericComponent"; Value = "True"; VariantName = "[No Variations]"
Add component (AddParameter): Name = "TEMP"; Value = ""; VariantName = "[No Variations]"
Add component (AddParameter): Name = "Value"; Value = "470n"; VariantName = "[No Variations]"
Added Component: Designator=C13(CAPAE7266X80M)
Add component (AddParameter): Name = "CPAR"; Value = ""; VariantName = "[No Variations]"
Add component (AddParameter): Name = "LSER"; Value = ""; VariantName = "[No Variations]"
Add component (AddParameter): Name = "RLSHUNT"; Value = ""; VariantName = "[No Variations]"
Add component (AddParameter): Name = "RPAR"; Value = ""; VariantName = "[No Variations]"
Add component (AddParameter): Name = "RSER"; Value = ""; VariantName = "[No Variations]"
Add component (AddParameter): Name = "SimulationGenericComponent"; Value = "True"; VariantName = "[No Variations]"
Add component (AddParameter): Name = "TEMP"; Value = ""; VariantName = "[No Variations]"
Add component (AddParameter): Name = "Value"; Value = "150u"; VariantName = "[No Variations]"
Added Component: Designator=C14(CAP FILM 0805)
Add component (AddParameter): Name = "CPAR"; Value = ""; VariantName = "[No Variations]"
Add component (AddParameter): Name = "LSER"; Value = ""; VariantName = "[No Variations]"
Add component (AddParameter): Name = "RLSHUNT"; Value = ""; VariantName = "[No Variations]"
Add component (AddParameter): Name = "RPAR"; Value = ""; VariantName = "[No Variations]"
Add component (AddParameter): Name = "RSER"; Value = ""; VariantName = "[No Variations]"
Add component (AddParameter): Name = "SimulationGenericComponent"; Value = "True"; VariantName = "[No Variations]"
Add component (AddParameter): Name = "TEMP"; Value = ""; VariantName = "[No Variations]"
Add component (AddParameter): Name = "Value"; Value = "10u"; VariantName = "[No Variations]"
Added Component: Designator=C22(CAP FILM 0603_1608)
Add component (AddParameter): Name = "CPAR"; Value = ""; VariantName = "[No Variations]"
Add component (AddParameter): Name = "LSER"; Value = ""; VariantName = "[No Variations]"
Add component (AddParameter): Name = "RLSHUNT"; Value = ""; VariantName = "[No Variations]"
Add component (AddParameter): Name = "RPAR"; Value = ""; VariantName = "[No Variations]"
Add component (AddParameter): Name = "RSER"; Value = ""; VariantName = "[No Variations]"
Add component (AddParameter): Name = "SimulationGenericComponent"; Value = "True"; VariantName = "[No Variations]"
Add component (AddParameter): Name = "TEMP"; Value = ""; VariantName = "[No Variations]"
Add component (AddParameter): Name = "Value"; Value = "10u"; VariantName = "[No Variations]"
Added Component: Designator=C23(CAP FILM 0603_1608)
Add component (AddParameter): Name = "CPAR"; Value = ""; VariantName = "[No Variations]"
Add component (AddParameter): Name = "LSER"; Value = ""; VariantName = "[No Variations]"
Add component (AddParameter): Name = "RLSHUNT"; Value = ""; VariantName = "[No Variations]"
Add component (AddParameter): Name = "RPAR"; Value = ""; VariantName = "[No Variations]"
Add component (AddParameter): Name = "RSER"; Value = ""; VariantName = "[No Variations]"
Add component (AddParameter): Name = "SimulationGenericComponent"; Value = "True"; VariantName = "[No Variations]"
Add component (AddParameter): Name = "TEMP"; Value = ""; VariantName = "[No Variations]"
Add component (AddParameter): Name = "Value"; Value = "10u"; VariantName = "[No Variations]"
Added Component: Designator=C24(CAPAE7266X80M)
Add component (AddParameter): Name = "CPAR"; Value = ""; VariantName = "[No Variations]"
Add component (AddParameter): Name = "LSER"; Value = ""; VariantName = "[No Variations]"
Add component (AddParameter): Name = "RLSHUNT"; Value = ""; VariantName = "[No Variations]"
Add component (AddParameter): Name = "RPAR"; Value = ""; VariantName = "[No Variations]"
Add component (AddParameter): Name = "RSER"; Value = ""; VariantName = "[No Variations]"
Add component (AddParameter): Name = "SimulationGenericComponent"; Value = "True"; VariantName = "[No Variations]"
Add component (AddParameter): Name = "TEMP"; Value = ""; VariantName = "[No Variations]"
Add component (AddParameter): Name = "Value"; Value = "150u"; VariantName = "[No Variations]"
Added Component: Designator=C25(CAP FILM 0603_1608)
Add component (AddParameter): Name = "CPAR"; Value = ""; VariantName = "[No Variations]"
Add component (AddParameter): Name = "LSER"; Value = ""; VariantName = "[No Variations]"
Add component (AddParameter): Name = "RLSHUNT"; Value = ""; VariantName = "[No Variations]"
Add component (AddParameter): Name = "RPAR"; Value = ""; VariantName = "[No Variations]"
Add component (AddParameter): Name = "RSER"; Value = ""; VariantName = "[No Variations]"
Add component (AddParameter): Name = "SimulationGenericComponent"; Value = "True"; VariantName = "[No Variations]"
Add component (AddParameter): Name = "TEMP"; Value = ""; VariantName = "[No Variations]"
Add component (AddParameter): Name = "Value"; Value = "10p"; VariantName = "[No Variations]"
Added Component: Designator=L1(INDP135128X65N)
Add component (AddParameter): Name = "CPAR"; Value = ""; VariantName = "[No Variations]"
Add component (AddParameter): Name = "DTEMP"; Value = ""; VariantName = "[No Variations]"
Add component (AddParameter): Name = "Initial Current"; Value = ""; VariantName = "[No Variations]"
Add component (AddParameter): Name = "M"; Value = ""; VariantName = "[No Variations]"
Add component (AddParameter): Name = "RPAR"; Value = ""; VariantName = "[No Variations]"
Add component (AddParameter): Name = "RSER"; Value = ""; VariantName = "[No Variations]"
Add component (AddParameter): Name = "SimulationGenericComponent"; Value = "True"; VariantName = "[No Variations]"
Add component (AddParameter): Name = "T_REL_LOCAL"; Value = ""; VariantName = "[No Variations]"
Add component (AddParameter): Name = "TC1"; Value = ""; VariantName = "[No Variations]"
Add component (AddParameter): Name = "TC2"; Value = ""; VariantName = "[No Variations]"
Add component (AddParameter): Name = "TEMP"; Value = ""; VariantName = "[No Variations]"
Add component (AddParameter): Name = "Value"; Value = "2.2u"; VariantName = "[No Variations]"
Added Component: Designator=L2(INDP135128X65N)
Add component (AddParameter): Name = "CPAR"; Value = ""; VariantName = "[No Variations]"
Add component (AddParameter): Name = "DTEMP"; Value = ""; VariantName = "[No Variations]"
Add component (AddParameter): Name = "Initial Current"; Value = ""; VariantName = "[No Variations]"
Add component (AddParameter): Name = "M"; Value = ""; VariantName = "[No Variations]"
Add component (AddParameter): Name = "RPAR"; Value = ""; VariantName = "[No Variations]"
Add component (AddParameter): Name = "RSER"; Value = ""; VariantName = "[No Variations]"
Add component (AddParameter): Name = "SimulationGenericComponent"; Value = "True"; VariantName = "[No Variations]"
Add component (AddParameter): Name = "T_REL_LOCAL"; Value = ""; VariantName = "[No Variations]"
Add component (AddParameter): Name = "TC1"; Value = ""; VariantName = "[No Variations]"
Add component (AddParameter): Name = "TC2"; Value = ""; VariantName = "[No Variations]"
Add component (AddParameter): Name = "TEMP"; Value = ""; VariantName = "[No Variations]"
Add component (AddParameter): Name = "Value"; Value = "2.2u"; VariantName = "[No Variations]"
Added Component: Designator=R2(RES 0603_1608)
Add component (AddParameter): Name = "DTEMP"; Value = ""; VariantName = "[No Variations]"
Add component (AddParameter): Name = "SimulationGenericComponent"; Value = "True"; VariantName = "[No Variations]"
Add component (AddParameter): Name = "T_REL_LOCAL"; Value = ""; VariantName = "[No Variations]"
Add component (AddParameter): Name = "TC"; Value = ""; VariantName = "[No Variations]"
Add component (AddParameter): Name = "TC1"; Value = "0"; VariantName = "[No Variations]"
Add component (AddParameter): Name = "TC2"; Value = "0"; VariantName = "[No Variations]"
Add component (AddParameter): Name = "TEMP"; Value = ""; VariantName = "[No Variations]"
Add component (AddParameter): Name = "Value"; Value = "999M"; VariantName = "[No Variations]"
Added Component: Designator=R5(RES 0603_1608)
Add component (AddParameter): Name = "DTEMP"; Value = ""; VariantName = "[No Variations]"
Add component (AddParameter): Name = "SimulationGenericComponent"; Value = "True"; VariantName = "[No Variations]"
Add component (AddParameter): Name = "T_REL_LOCAL"; Value = ""; VariantName = "[No Variations]"
Add component (AddParameter): Name = "TC"; Value = ""; VariantName = "[No Variations]"
Add component (AddParameter): Name = "TC1"; Value = "0"; VariantName = "[No Variations]"
Add component (AddParameter): Name = "TC2"; Value = "0"; VariantName = "[No Variations]"
Add component (AddParameter): Name = "TEMP"; Value = ""; VariantName = "[No Variations]"
Add component (AddParameter): Name = "Value"; Value = "1K"; VariantName = "[No Variations]"
Added Component: Designator=S_PAD2(PAD_SQUARE)
Added Pin To Net: NetName=3V3 Pin=C4-1
Added Pin To Net: NetName=DEMB Pin=C4-2
Added Pin To Net: NetName=DEMB Pin=C11-1
Added Pin To Net: NetName=VIN Pin=C11-2
Added Pin To Net: NetName=DEMB Pin=C12-1
Added Pin To Net: NetName=VIN Pin=C12-2
Added Pin To Net: NetName=DEMB Pin=C13-1
Added Pin To Net: NetName=DEMB Pin=C14-1
Added Pin To Net: NetName=DEMB Pin=C22-1
Added Pin To Net: NetName=VCCX Pin=C22-2
Added Pin To Net: NetName=DEMB Pin=C23-1
Added Pin To Net: NetName=VCCX Pin=C23-2
Added Pin To Net: NetName=DEMB Pin=C24-1
Added Pin To Net: NetName=VCCX Pin=C24-2
Added Pin To Net: NetName=DEMB Pin=C25-1
Added Pin To Net: NetName=COMP Pin=C25-2
Added Pin To Net: NetName=DEMB Pin=J1-1
Added Pin To Net: NetName=DEMB Pin=J1-2
Added Pin To Net: NetName=DEMB Pin=J1-3
Added Pin To Net: NetName=5V Pin=J1-7
Added Pin To Net: NetName=VIN Pin=L1-1
Added Pin To Net: NetName=SW Pin=L2-1
Added Pin To Net: NetName=VCCX Pin=L2-2
Added Pin To Net: NetName=FB Pin=Q1-3
Added Pin To Net: NetName=DEMB Pin=R2-1
Added Pin To Net: NetName=DEMB Pin=R3-1
Added Pin To Net: NetName=CS Pin=R5-2
Added Pin To Net: NetName=NetJ1_6 Pin=U2-13
Added Pin To Net: NetName=EN Pin=U2-22
Added Pin To Net: NetName=NetS_PAD3_1 Pin=U2-31
Change Net Name : Old Net Name=NetC6_2 New Net Name=NetC19_2
Change Net Name : Old Net Name=NetC10_2 New Net Name=NetC26_2
Change Net Name : Old Net Name=NetC18_2 New Net Name=NetC8_2
Change Net Name : Old Net Name=NetC20_2 New Net Name=NetC10_2
Change Net Name : Old Net Name=NetS_PAD2_1 New Net Name=NetS_PAD1_1
Added Pin To Net: NetName=NetC13_2 Pin=C13-2
Added Pin To Net: NetName=NetC13_2 Pin=C14-2
Added Pin To Net: NetName=NetC13_2 Pin=L1-2
Added Pin To Net: NetName=NetC13_2 Pin=Q2-2
Added Net: Name=NetC13_2
Added Pin To Net: NetName=NetJ1_8 Pin=J1-8
Added Pin To Net: NetName=NetJ1_8 Pin=U2-16
Added Net: Name=NetJ1_8
Added Pin To Net: NetName=NetJ1_9 Pin=J1-9
Added Pin To Net: NetName=NetJ1_9 Pin=S_PAD2-1
Added Net: Name=NetJ1_9
Added Pin To Net: NetName=NetQ1_2 Pin=Q1-2
Added Pin To Net: NetName=NetQ1_2 Pin=R2-2
Added Pin To Net: NetName=NetQ1_2 Pin=R3-2
Added Net: Name=NetQ1_2
Added Pin To Net: NetName=NetR4_2 Pin=R4-2
Added Pin To Net: NetName=NetR4_2 Pin=R5-1
Added Net: Name=NetR4_2
Added Member To Class: ClassName=BTT_toolhead_expansion Member=Component C4 Capacitor
Added Member To Class: ClassName=only_converter Member=Component C12 Capacitor
Added Member To Class: ClassName=only_converter Member=Component C13 Capacitor
Added Member To Class: ClassName=only_converter Member=Component C14 Capacitor
Added Member To Class: ClassName=only_converter Member=Component C22 Capacitor
Added Member To Class: ClassName=only_converter Member=Component C23 Capacitor
Added Member To Class: ClassName=only_converter Member=Component C24 Capacitor
Added Member To Class: ClassName=only_converter Member=Component C25 Capacitor
Added Member To Class: ClassName=only_converter Member=Component C27 Capacitor
Added Member To Class: ClassName=only_converter Member=Component L1 Inductor
Added Member To Class: ClassName=only_converter Member=Component L2 Inductor
Added Member To Class: ClassName=BTT_toolhead_expansion Member=Component R2 Resistor
Added Member To Class: ClassName=only_converter Member=Component R5 Resistor
Added Member To Class: ClassName=BTT_toolhead_expansion Member=Component S_PAD2 SOLDER_PAD
